<?xml version="1.0" encoding="utf-8"?><testsuites name="pytest tests"><testsuite name="pytest" errors="0" failures="0" skipped="0" tests="27" time="5.192" timestamp="2026-09-11T16:39:04.830050+00:00" hostname="agent-env-1585602e-f845-481e-9800-08a4300328e8"><testcase classname="tests.backend_test.TestLeads" name="test_create_lead_normalizes_phone" time="0.208" /><testcase classname="tests.backend_test.TestAuthorization" name="test_endpoints_require_auth[/coverage-GET-None]" time="0.144" /><testcase classname="tests.backend_test.TestAuthorization" name="test_endpoints_require_auth[/leads-GET-None]" time="0.053" /><testcase classname="tests.backend_test.TestAuthorization" name="test_endpoints_require_auth[/dashboard-GET-None]" time="0.043" /><testcase classname="tests.backend_test.TestLeads" name="test_phone_variants[08123456789-628123456789]" time="0.093" /><testcase classname="tests.backend_test.TestAuthorization" name="test_endpoints_require_auth[/packages-POST-body3]" time="0.041" /><testcase classname="tests.backend_test.TestAuthorization" name="test_tenants_requires_super_admin" time="0.086" /><testcase classname="tests.backend_test.TestLeads" name="test_phone_variants[628123456789-628123456789]" time="0.163" /><testcase classname="tests.backend_test.TestLeads" name="test_phone_variants[+628123456789-628123456789]" time="0.241" /><testcase classname="tests.backend_test.TestLeads" name="test_phone_variants[8123456789-628123456789]" time="0.089" /><testcase classname="tests.backend_test.TestCoverage" name="test_covered_inside" time="1.384" /><testcase classname="tests.backend_test.TestLeads" name="test_invalid_phone_400" time="0.082" /><testcase classname="tests.backend_test.TestLeads" name="test_lead_persisted_in_listing" time="0.371" /><testcase classname="tests.backend_test.TestAuth" name="test_login_success_sets_cookies" time="0.000" /><testcase classname="tests.backend_test.TestAuth" name="test_me_returns_user" time="0.075" /><testcase classname="tests.backend_test.TestAuth" name="test_wrong_password_401" time="0.313" /><testcase classname="tests.backend_test.TestAuth" name="test_brute_force_lockout" time="0.517" /><testcase classname="tests.backend_test.TestCoverage" name="test_covered_within_tolerance" time="0.143" /><testcase classname="tests.backend_test.TestCoverage" name="test_not_covered_far" time="0.194" /><testcase classname="tests.backend_test.TestCoverage" name="test_invalid_coords_400" time="0.127" /><testcase classname="tests.backend_test.TestGIS" name="test_four_files_ready" time="0.039" /><testcase classname="tests.backend_test.TestGIS" name="test_upload_invalid_txt" time="1.217" /><testcase classname="tests.backend_test.TestCoverage" name="test_coverage_updates_existing_lead" time="0.779" /><testcase classname="tests.backend_test.TestPackages" name="test_public_packages" time="0.091" /><testcase classname="tests.backend_test.TestPackages" name="test_packages_crud" time="0.180" /><testcase classname="tests.backend_test.TestGIS" name="test_upload_valid_geojson" time="1.203" /><testcase classname="tests.backend_test.TestBranding" name="test_update_branding" time="0.075" /></testsuite></testsuites>